<?xml version="1.0" encoding="UTF-8"?>
<!-- Generated by org.testng.reporters.JUnitReportReporter -->
<testsuite skipped="0" hostname="DESKTOP-KOTIN4N" name="com.course.cases.LoginTest" tests="2" failures="0" timestamp="01 十二月 2019 13:08:37 GMT" time="0.814" errors="0">
  <testcase name="loginTrue" time="0.619" classname="com.course.cases.LoginTest"/>
  <testcase name="loginFalse" time="0.195" classname="com.course.cases.LoginTest"/>
</testsuite> <!-- com.course.cases.LoginTest -->
