<?xml version="1.0" encoding="UTF-8"?>
<!-- Generated by org.testng.reporters.JUnitReportReporter -->
<testsuite skipped="0" hostname="DESKTOP-KOTIN4N" name="com.course.cases.GetUserInfoListTest" tests="1" failures="0" timestamp="01 十二月 2019 13:08:37 GMT" time="0.121" errors="0">
  <testcase name="getUserListInfo" time="0.121" classname="com.course.cases.GetUserInfoListTest"/>
</testsuite> <!-- com.course.cases.GetUserInfoListTest -->
