<?xml version="1.0" encoding="UTF-8"?>
<!-- Generated by org.testng.reporters.JUnitReportReporter -->
<testsuite skipped="0" hostname="DESKTOP-KOTIN4N" name="com.course.cases.AddUserTest" tests="1" failures="0" timestamp="01 十二月 2019 13:08:37 GMT" time="5.102" errors="0">
  <testcase name="addUser" time="5.102" classname="com.course.cases.AddUserTest"/>
</testsuite> <!-- com.course.cases.AddUserTest -->
