<?xml version="1.0" encoding="UTF-8"?>
<!-- Generated by org.testng.reporters.JUnitReportReporter -->
<testsuite skipped="0" hostname="DESKTOP-KOTIN4N" name="com.course.cases.UpdateUserInfoTest" tests="2" failures="0" timestamp="01 十二月 2019 13:08:37 GMT" time="20.226" errors="0">
  <testcase name="deleteUser" time="10.090" classname="com.course.cases.UpdateUserInfoTest"/>
  <testcase name="updateUserInfo" time="10.136" classname="com.course.cases.UpdateUserInfoTest"/>
</testsuite> <!-- com.course.cases.UpdateUserInfoTest -->
